生成启动时间为 2021/1/14 17:48:46。
     1>项目“E:\WangcfGH\Git_Code\Visual Studio 2013 Projects\std_async_example\std_async_example\std_async_example.vcxproj”在节点 2 上(Build 个目标)。
     1>ClCompile:
         C:\Program Files (x86)\Microsoft Visual Studio 12.0\VC\bin\CL.exe /c /ZI /nologo /W3 /WX- /sdl /Od /Oy- /D WIN32 /D _DEBUG /D _CONSOLE /D _LIB /D _UNICODE /D UNICODE /Gm /EHsc /RTC1 /MDd /GS /fp:precise /Zc:wchar_t /Zc:forScope /Yu"stdafx.h" /Fp"Debug\std_async_example.pch" /Fo"Debug\\" /Fd"Debug\vc120.pdb" /Gd /TP /analyze- /errorReport:prompt std_async_example.cpp
         std_async_example.cpp
     1>e:\wangcfgh\git_code\visual studio 2013 projects\std_async_example\std_async_example\std_async_example.cpp(125): error C2144: 语法错误:“int”的前面应有“)”
     1>e:\wangcfgh\git_code\visual studio 2013 projects\std_async_example\std_async_example\std_async_example.cpp(125): error C2059: 语法错误:“)”
     1>已完成生成项目“E:\WangcfGH\Git_Code\Visual Studio 2013 Projects\std_async_example\std_async_example\std_async_example.vcxproj”(Build 个目标)的操作 - 失败。

生成失败。

已用时间 00:00:00.90
